C51 COMPILER V8.04b   UART                                                                 03/17/2010 10:20:44 PAGE 1   


C51 COMPILER V8.04b, COMPILATION OF MODULE UART
OBJECT MODULE PLACED IN UART.OBJ
COMPILER INVOKED BY: C:\Keil\C51\BIN\C51.EXE UART.C LARGE OBJECTADVANCED OPTIMIZE(9,SPEED) BROWSE ORDER DEFINE(SLAVE_BOA
                    -RDS,PRINT_ERROR,PRINT_WARNING,PRINT,PANASONIC_12_CELLS) DEBUG

line level    source

   1          //****************************************************************************
   2          // @Module        UART (Serial Interface)
   3          // @Filename      UART.C
   4          // @Project       BM_NewSlave.dav
   5          //----------------------------------------------------------------------------
   6          // @Controller    Infineon XC886CLM-8FF
   7          //
   8          // @Compiler      Keil
   9          //
  10          // @Codegenerator 1.6
  11          //
  12          // @Description:  This file contains functions that use the UART module.
  13          //
  14          //----------------------------------------------------------------------------
  15          // @Date          12.08.2009 19:23:24
  16          //
  17          //****************************************************************************
  18          
  19          // USER CODE BEGIN (UART_General,1)
  20          
  21          // USER CODE END
  22          
  23          
  24          
  25          //****************************************************************************
  26          // @Project Includes
  27          //****************************************************************************
  28          
  29          #include "MAIN.H"
  30          
  31          // USER CODE BEGIN (UART_General,2)
  32          
  33          // USER CODE END
  34          
  35          
  36          //****************************************************************************
  37          // @Macros
  38          //****************************************************************************
  39          
  40          // USER CODE BEGIN (UART_General,3)
  41          
  42          // USER CODE END
  43          
  44          
  45          //****************************************************************************
  46          // @Defines
  47          //****************************************************************************
  48          
  49          // USER CODE BEGIN (UART_General,4)
  50          
  51          // USER CODE END
  52          
  53          
  54          //****************************************************************************
C51 COMPILER V8.04b   UART                                                                 03/17/2010 10:20:44 PAGE 2   

  55          // @Typedefs
  56          //****************************************************************************
  57          
  58          // USER CODE BEGIN (UART_General,5)
  59          
  60          // USER CODE END
  61          
  62          
  63          //****************************************************************************
  64          // @Imported Global Variables
  65          //****************************************************************************
  66          
  67          // USER CODE BEGIN (UART_General,6)
  68          
  69          // USER CODE END
  70          
  71          
  72          //****************************************************************************
  73          // @Global Variables
  74          //****************************************************************************
  75          
  76          // USER CODE BEGIN (UART_General,7)
  77          
  78          // USER CODE END
  79          
  80          
  81          //****************************************************************************
  82          // @External Prototypes
  83          //****************************************************************************
  84          
  85          // USER CODE BEGIN (UART_General,8)
  86          
  87          // USER CODE END
  88          
  89          
  90          //****************************************************************************
  91          // @Prototypes Of Local Functions
  92          //****************************************************************************
  93          
  94          // USER CODE BEGIN (UART_General,9)
  95          
  96          // USER CODE END
  97          
  98          
  99          //****************************************************************************
 100          // @Function      void UART_vInit(void) 
 101          //
 102          //----------------------------------------------------------------------------
 103          // @Description   This is the initialization function of the UART function 
 104          //                library. It is assumed that the SFRs used by this library 
 105          //                are in their reset state. 
 106          //                
 107          //                The following SFR fields will be initialized:
 108          //                - register SCON
 109          //                - bits SMOD and ES
 110          //
 111          //----------------------------------------------------------------------------
 112          // @Returnvalue   None
 113          //
 114          //----------------------------------------------------------------------------
 115          // @Parameters    None
 116          //
C51 COMPILER V8.04b   UART                                                                 03/17/2010 10:20:44 PAGE 3   

 117          //----------------------------------------------------------------------------
 118          // @Date          12.08.2009
 119          //
 120          //****************************************************************************
 121          
 122          // USER CODE BEGIN (UART_Init,1)
 123          
 124          // USER CODE END
 125          
 126          void UART_vInit(void)
 127          {
 128   1        // USER CODE BEGIN (UART_Init,2)
 129   1      
 130   1        // USER CODE END
 131   1      
 132   1        ///  -----------------------------------------------------------------------
 133   1        ///  UART settings
 134   1        ///  -----------------------------------------------------------------------
 135   1        ///  Pin TXD_0 (P1.1) is selected for transmission
 136   1        ///  Pin RXD_0 (P1.0) is selected for reception
 137   1        ///  Receiver enabled
 138   1        ///  Mode 1: 8-bit data, 1 start bit, 1 stop bit, variable baud rate
 139   1        ///  BRG is selected for baudrate generation
 140   1      
 141   1        SFR_PAGE(_pp2, noSST);         // switch to page 2 without saving
 142   1        P1_ALTSEL0   &= ~(ubyte)0x02;  // configure alternate function register 0
 143   1        P1_ALTSEL1   |=  (ubyte)0x02;  // configure alternate function register 1
 144   1        SFR_PAGE(_pp0, noSST);         // switch to page 0 without saving
 145   1        P1_DIR       |=  (ubyte)0x02;  // set output direction
 146   1      
 147   1      
 148   1        MODPISEL     &= ~(ubyte)0x01;  // configure peripheral input select register
 149   1        BCON          =  0x00;         // reset baudrate timer/reload register
 150   1        SCON          =  0x50;         // load serial channel control register
 151   1      
 152   1        ///  -----------------------------------------------------------------------
 153   1        ///  Baudrate generator settings
 154   1        ///  -----------------------------------------------------------------------
 155   1        ///  input clock = fPCLK
 156   1        ///  Fractional divider is disabled
 157   1        ///  baudrate = 19,2308 kbaud
 158   1      
 159   1        BG            =  0x4D;         // load baudrate timer/reload register
 160   1        BCON         |=  0x01;         // load baud rate control register
 161   1      
 162   1      
 163   1        // USER CODE BEGIN (UART_Init,3)
 164   1      
 165   1        // USER CODE END
 166   1      
 167   1      } //  End of function UART_vInit
 168          
 169          
 170          // USER CODE BEGIN (UART_General,10)
 171          
 172          // USER CODE END
 173          


MODULE INFORMATION:   STATIC OVERLAYABLE
   CODE SIZE        =     30    ----
   CONSTANT SIZE    =   ----    ----
C51 COMPILER V8.04b   UART                                                                 03/17/2010 10:20:44 PAGE 4   

   XDATA SIZE       =   ----    ----
   PDATA SIZE       =   ----    ----
   DATA SIZE        =   ----    ----
   IDATA SIZE       =   ----    ----
   BIT SIZE         =   ----    ----
   EDATA SIZE       =   ----    ----
   HDATA SIZE       =   ----    ----
   XDATA CONST SIZE =   ----    ----
   FAR CONST SIZE   =   ----    ----
END OF MODULE INFORMATION.


C51 COMPILATION COMPLETE.  0 WARNING(S),  0 ERROR(S)
